[LOG] System::create                           : Header version = 2.02.22. Current version = 2.02.22.
[LOG] Manager::init                            : maxchannels = 256 studioflags = 00000006 flags 00000000 extradriverdata 0000000000000000.
[LOG] SystemI::init                            : Initialize version=20222 (142841), maxchannels=256, flags=0x00020000
[LOG] SystemI::setOutputInternal               : Setting output to 'FMOD WASAPI Output'
[LOG] OutputWASAPI::init                       : Mix Format (WAVEFORMATEX): wFormatTag=0xFFFE, nChannels=2, nSamplesPerSec=48000, nAvgBytesPerSec=384000, nBlockAlign=8, wBitsPerSample=32, cbSize=22.
[LOG] OutputWASAPI::init                       : Mix Format (WAVEFORMATEXTENSIBLE): wValidBitsPerSample=32, dwChannelMask=0x00000003, SubFormat=00000003-0000-0010-8000-00AA00389B71.
[LOG] OutputWASAPI::init                       : Output buffer size: 4096 samples, latency: 0.00ms, period: 10.00ms, DSP buffer: 1024 * 4
[LOG] Thread::initThread                       : Init FMOD stream thread. Affinity: 0x4000000000000003, Priority: 0xFFFF7FFB, Stack Size: 98304, Semaphore: No, Sleep Time: 10, Looping: Yes.
[LOG] Thread::initThread                       : Init FMOD mixer thread. Affinity: 0x4000000000000001, Priority: 0xFFFF7FFA, Stack Size: 81920, Semaphore: No, Sleep Time: 0, Looping: Yes.
[LOG] AsyncManager::init                       : manager 0000013FF8938D18 isAsync 0 updatePeriod 0.02
[LOG] AsyncManager::init                       : done
[LOG] PlaybackSystem::init                     : 
[LOG] Thread::initThread                       : Init FMOD Studio sample load thread. Affinity: 0x4000000000000003, Priority: 0xFFFF7FFD, Stack Size: 98304, Semaphore: No, Sleep Time: 1, Looping: No.
[LOG] PlaybackSystem::init                     : done
[LOG] Thread::initThread                       : Init FMOD Studio bank load thread. Affinity: 0x4000000000000003, Priority: 0xFFFF7FFD, Stack Size: 98304, Semaphore: No, Sleep Time: 1, Looping: No.
[LOG] Manager::init                            : done.
[LOG] Manager::readBank                        : fileversion = 142, compatVersion = 140 (oldest = 44, newest = 142)
[LOG] Manager::readBank                        : fileversion = 142, compatVersion = 140 (oldest = 44, newest = 142)
[LOG] Manager::readBank                        : fileversion = 142, compatVersion = 140 (oldest = 44, newest = 142)
[LOG] Manager::readBank                        : fileversion = 142, compatVersion = 140 (oldest = 44, newest = 142)
[LOG] Manager::readBank                        : fileversion = 142, compatVersion = 140 (oldest = 44, newest = 142)
[LOG] Manager::readBank                        : fileversion = 142, compatVersion = 140 (oldest = 44, newest = 142)
[LOG] Manager::readBank                        : fileversion = 142, compatVersion = 140 (oldest = 44, newest = 142)
[LOG] PlaybackSystem::acquireMasterBus         : Setting master channel group format to 6
[LOG] Manager::readBank                        : fileversion = 142, compatVersion = 140 (oldest = 44, newest = 142)
[LOG] Manager::readBank                        : fileversion = 142, compatVersion = 140 (oldest = 44, newest = 142)
[LOG] Manager::readBank                        : fileversion = 142, compatVersion = 140 (oldest = 44, newest = 142)
[LOG] Manager::readBank                        : fileversion = 142, compatVersion = 140 (oldest = 44, newest = 142)
[LOG] SystemI::createSoundInternal             : Create name='', mode=0x02000202
[LOG] SystemI::createSoundInternal             : exinfo->cbsize             = 224
[LOG] SystemI::createSoundInternal             : exinfo->length             = 182688
[LOG] SystemI::createSoundInternal             : exinfo->fileoffset         = 41152
[LOG] SystemI::createSoundInternal             : exinfo->numsubsounds       = 1
[LOG] SystemI::createSoundInternal             : exinfo->inclusionlist      = 0000000F030FF0C8
[LOG] SystemI::createSoundInternal             : exinfo->inclusionlistnum   = 1
[LOG] SystemI::createSoundInternal             : exinfo->suggestedsoundtype = 5
[LOG] SystemI::createSoundInternal             : exinfo->useropen           = 00007FFF37FC4130
[LOG] SystemI::createSoundInternal             : exinfo->userclose          = 00007FFF37FC40F0
[LOG] SystemI::createSoundInternal             : exinfo->userread           = 00007FFF37FC4210
[LOG] SystemI::createSoundInternal             : exinfo->userseek           = 00007FFF37FC42D0
[LOG] SystemI::createSoundInternal             : exinfo->fileuserdata       = 00000140276B3288
[LOG] SystemI::createSoundInternal             : exinfo->initialseekpostype = 1
[LOG] SystemI::DSPCodecPoolRegister            : register codec pool for pool type 5
[LOG] SystemI::createSoundInternal             : Sample 0/1: name='06_Footsteps_Concrete', format=5, channels=2, frequency=48000, lengthbytes=3008, lengthpcm=14489, pcmblocksize=0, loopstart=0, loopend=0, mode=0x00000000, channelmask=0x00000000, channelorder=0, peakvolume=0.429260.
[LOG] SystemI::createSoundInternal             : Create name='', mode=0x02000202
[LOG] SystemI::createSoundInternal             : exinfo->cbsize             = 224
[LOG] SystemI::createSoundInternal             : exinfo->length             = 182688
[LOG] SystemI::createSoundInternal             : exinfo->fileoffset         = 41152
[LOG] SystemI::createSoundInternal             : exinfo->numsubsounds       = 1
[LOG] SystemI::createSoundInternal             : exinfo->inclusionlist      = 0000000F030FF0C8
[LOG] SystemI::createSoundInternal             : exinfo->inclusionlistnum   = 1
[LOG] SystemI::createSoundInternal             : exinfo->suggestedsoundtype = 5
[LOG] SystemI::createSoundInternal             : exinfo->useropen           = 00007FFF37FC4130
[LOG] SystemI::createSoundInternal             : exinfo->userclose          = 00007FFF37FC40F0
[LOG] SystemI::createSoundInternal             : exinfo->userread           = 00007FFF37FC4210
[LOG] SystemI::createSoundInternal             : exinfo->userseek           = 00007FFF37FC42D0
[LOG] SystemI::createSoundInternal             : exinfo->fileuserdata       = 00000140276B3288
[LOG] SystemI::createSoundInternal             : exinfo->initialseekpostype = 1
[LOG] SystemI::DSPCodecPoolRegister            : register codec pool for pool type 5
[LOG] SystemI::createSoundInternal             : Sample 0/1: name='03_Footsteps_Stone', format=5, channels=2, frequency=48000, lengthbytes=4640, lengthpcm=14489, pcmblocksize=0, loopstart=0, loopend=0, mode=0x00000000, channelmask=0x00000000, channelorder=0, peakvolume=0.303558.
[LOG] SystemI::createSoundInternal             : Create name='', mode=0x02000202
[LOG] SystemI::createSoundInternal             : exinfo->cbsize             = 224
[LOG] SystemI::createSoundInternal             : exinfo->length             = 182688
[LOG] SystemI::createSoundInternal             : exinfo->fileoffset         = 41152
[LOG] SystemI::createSoundInternal             : exinfo->numsubsounds       = 1
[LOG] SystemI::createSoundInternal             : exinfo->inclusionlist      = 0000000F030FF0C8
[LOG] SystemI::createSoundInternal             : exinfo->inclusionlistnum   = 1
[LOG] SystemI::createSoundInternal             : exinfo->suggestedsoundtype = 5
[LOG] SystemI::createSoundInternal             : exinfo->useropen           = 00007FFF37FC4130
[LOG] SystemI::createSoundInternal             : exinfo->userclose          = 00007FFF37FC40F0
[LOG] SystemI::createSoundInternal             : exinfo->userread           = 00007FFF37FC4210
[LOG] SystemI::createSoundInternal             : exinfo->userseek           = 00007FFF37FC42D0
[LOG] SystemI::createSoundInternal             : exinfo->fileuserdata       = 00000140276B3288
[LOG] SystemI::createSoundInternal             : exinfo->initialseekpostype = 1
[LOG] SystemI::DSPCodecPoolRegister            : register codec pool for pool type 5
[LOG] SystemI::createSoundInternal             : Sample 0/1: name='07_Footsteps_Concrete', format=5, channels=2, frequency=48000, lengthbytes=3168, lengthpcm=14489, pcmblocksize=0, loopstart=0, loopend=0, mode=0x00000000, channelmask=0x00000000, channelorder=0, peakvolume=0.525909.
[LOG] SystemI::createSoundInternal             : Create name='', mode=0x02000202
[LOG] SystemI::createSoundInternal             : exinfo->cbsize             = 224
[LOG] SystemI::createSoundInternal             : exinfo->length             = 182688
[LOG] SystemI::createSoundInternal             : exinfo->fileoffset         = 41152
[LOG] SystemI::createSoundInternal             : exinfo->numsubsounds       = 1
[LOG] SystemI::createSoundInternal             : exinfo->inclusionlist      = 0000000F030FF0C8
[LOG] SystemI::createSoundInternal             : exinfo->inclusionlistnum   = 1
[LOG] SystemI::createSoundInternal             : exinfo->suggestedsoundtype = 5
[LOG] SystemI::createSoundInternal             : exinfo->useropen           = 00007FFF37FC4130
[LOG] SystemI::createSoundInternal             : exinfo->userclose          = 00007FFF37FC40F0
[LOG] SystemI::createSoundInternal             : exinfo->userread           = 00007FFF37FC4210
[LOG] SystemI::createSoundInternal             : exinfo->userseek           = 00007FFF37FC42D0
[LOG] SystemI::createSoundInternal             : exinfo->fileuserdata       = 00000140276B3288
[LOG] SystemI::createSoundInternal             : exinfo->initialseekpostype = 1
[LOG] SystemI::DSPCodecPoolRegister            : register codec pool for pool type 5
[LOG] SystemI::createSoundInternal             : Sample 0/1: name='02_Footsteps_Concrete', format=5, channels=2, frequency=48000, lengthbytes=3488, lengthpcm=14489, pcmblocksize=0, loopstart=0, loopend=0, mode=0x00000000, channelmask=0x00000000, channelorder=0, peakvolume=0.245789.
[LOG] SystemI::createSoundInternal             : Create name='', mode=0x02000202
[LOG] SystemI::createSoundInternal             : exinfo->cbsize             = 224
[LOG] SystemI::createSoundInternal             : exinfo->length             = 182688
[LOG] SystemI::createSoundInternal             : exinfo->fileoffset         = 41152
[LOG] SystemI::createSoundInternal             : exinfo->numsubsounds       = 1
[LOG] SystemI::createSoundInternal             : exinfo->inclusionlist      = 0000000F030FF0C8
[LOG] SystemI::createSoundInternal             : exinfo->inclusionlistnum   = 1
[LOG] SystemI::createSoundInternal             : exinfo->suggestedsoundtype = 5
[LOG] SystemI::createSoundInternal             : exinfo->useropen           = 00007FFF37FC4130
[LOG] SystemI::createSoundInternal             : exinfo->userclose          = 00007FFF37FC40F0
[LOG] SystemI::createSoundInternal             : exinfo->userread           = 00007FFF37FC4210
[LOG] SystemI::createSoundInternal             : exinfo->userseek           = 00007FFF37FC42D0
[LOG] SystemI::createSoundInternal             : exinfo->fileuserdata       = 00000140276B3288
[LOG] SystemI::createSoundInternal             : exinfo->initialseekpostype = 1
[LOG] SystemI::DSPCodecPoolRegister            : register codec pool for pool type 5
[LOG] SystemI::createSoundInternal             : Sample 0/1: name='04_Footsteps_Concrete', format=5, channels=2, frequency=48000, lengthbytes=3232, lengthpcm=14489, pcmblocksize=0, loopstart=0, loopend=0, mode=0x00000000, channelmask=0x00000000, channelorder=0, peakvolume=0.184479.
[LOG] SystemI::createSoundInternal             : Create name='', mode=0x02000202
[LOG] SystemI::createSoundInternal             : exinfo->cbsize             = 224
[LOG] SystemI::createSoundInternal             : exinfo->length             = 182688
[LOG] SystemI::createSoundInternal             : exinfo->fileoffset         = 41152
[LOG] SystemI::createSoundInternal             : exinfo->numsubsounds       = 1
[LOG] SystemI::createSoundInternal             : exinfo->inclusionlist      = 0000000F030FF0C8
[LOG] SystemI::createSoundInternal             : exinfo->inclusionlistnum   = 1
[LOG] SystemI::createSoundInternal             : exinfo->suggestedsoundtype = 5
[LOG] SystemI::createSoundInternal             : exinfo->useropen           = 00007FFF37FC4130
[LOG] SystemI::createSoundInternal             : exinfo->userclose          = 00007FFF37FC40F0
[LOG] SystemI::createSoundInternal             : exinfo->userread           = 00007FFF37FC4210
[LOG] SystemI::createSoundInternal             : exinfo->userseek           = 00007FFF37FC42D0
[LOG] SystemI::createSoundInternal             : exinfo->fileuserdata       = 00000140276B3288
[LOG] SystemI::createSoundInternal             : exinfo->initialseekpostype = 1
[LOG] SystemI::DSPCodecPoolRegister            : register codec pool for pool type 5
[LOG] SystemI::createSoundInternal             : Sample 0/1: name='09_Footsteps_Concrete', format=5, channels=2, frequency=48000, lengthbytes=3200, lengthpcm=14489, pcmblocksize=0, loopstart=0, loopend=0, mode=0x00000000, channelmask=0x00000000, channelorder=0, peakvolume=0.366394.
[LOG] SystemI::createSoundInternal             : Create name='', mode=0x02000202
[LOG] SystemI::createSoundInternal             : exinfo->cbsize             = 224
[LOG] SystemI::createSoundInternal             : exinfo->length             = 182688
[LOG] SystemI::createSoundInternal             : exinfo->fileoffset         = 41152
[LOG] SystemI::createSoundInternal             : exinfo->numsubsounds       = 1
[LOG] SystemI::createSoundInternal             : exinfo->inclusionlist      = 0000000F030FF0C8
[LOG] SystemI::createSoundInternal             : exinfo->inclusionlistnum   = 1
[LOG] SystemI::createSoundInternal             : exinfo->suggestedsoundtype = 5
[LOG] SystemI::createSoundInternal             : exinfo->useropen           = 00007FFF37FC4130
[LOG] SystemI::createSoundInternal             : exinfo->userclose          = 00007FFF37FC40F0
[LOG] SystemI::createSoundInternal             : exinfo->userread           = 00007FFF37FC4210
[LOG] SystemI::createSoundInternal             : exinfo->userseek           = 00007FFF37FC42D0
[LOG] SystemI::createSoundInternal             : exinfo->fileuserdata       = 00000140276B3288
[LOG] SystemI::createSoundInternal             : exinfo->initialseekpostype = 1
[LOG] SystemI::DSPCodecPoolRegister            : register codec pool for pool type 5
[LOG] SystemI::createSoundInternal             : Sample 0/1: name='04_Footsteps_Stone', format=5, channels=2, frequency=48000, lengthbytes=3904, lengthpcm=14489, pcmblocksize=0, loopstart=0, loopend=0, mode=0x00000000, channelmask=0x00000000, channelorder=0, peakvolume=0.115204.
[LOG] SystemI::createSoundInternal             : Create name='', mode=0x02000202
[LOG] SystemI::createSoundInternal             : exinfo->cbsize             = 224
[LOG] SystemI::createSoundInternal             : exinfo->length             = 182688
[LOG] SystemI::createSoundInternal             : exinfo->fileoffset         = 41152
[LOG] SystemI::createSoundInternal             : exinfo->numsubsounds       = 1
[LOG] SystemI::createSoundInternal             : exinfo->inclusionlist      = 0000000F030FF0C8
[LOG] SystemI::createSoundInternal             : exinfo->inclusionlistnum   = 1
[LOG] SystemI::createSoundInternal             : exinfo->suggestedsoundtype = 5
[LOG] SystemI::createSoundInternal             : exinfo->useropen           = 00007FFF37FC4130
[LOG] SystemI::createSoundInternal             : exinfo->userclose          = 00007FFF37FC40F0
[LOG] SystemI::createSoundInternal             : exinfo->userread           = 00007FFF37FC4210
[LOG] SystemI::createSoundInternal             : exinfo->userseek           = 00007FFF37FC42D0
[LOG] SystemI::createSoundInternal             : exinfo->fileuserdata       = 00000140276B3288
[LOG] SystemI::createSoundInternal             : exinfo->initialseekpostype = 1
[LOG] SystemI::DSPCodecPoolRegister            : register codec pool for pool type 5
[LOG] SystemI::createSoundInternal             : Sample 0/1: name='10_Footsteps_Concrete', format=5, channels=2, frequency=48000, lengthbytes=2976, lengthpcm=14489, pcmblocksize=0, loopstart=0, loopend=0, mode=0x00000000, channelmask=0x00000000, channelorder=0, peakvolume=0.625275.
[LOG] SystemI::createSoundInternal             : Create name='', mode=0x02000202
[LOG] SystemI::createSoundInternal             : exinfo->cbsize             = 224
[LOG] SystemI::createSoundInternal             : exinfo->length             = 182688
[LOG] SystemI::createSoundInternal             : exinfo->fileoffset         = 41152
[LOG] SystemI::createSoundInternal             : exinfo->numsubsounds       = 1
[LOG] SystemI::createSoundInternal             : exinfo->inclusionlist      = 0000000F030FF0C8
[LOG] SystemI::createSoundInternal             : exinfo->inclusionlistnum   = 1
[LOG] SystemI::createSoundInternal             : exinfo->suggestedsoundtype = 5
[LOG] SystemI::createSoundInternal             : exinfo->useropen           = 00007FFF37FC4130
[LOG] SystemI::createSoundInternal             : exinfo->userclose          = 00007FFF37FC40F0
[LOG] SystemI::createSoundInternal             : exinfo->userread           = 00007FFF37FC4210
[LOG] SystemI::createSoundInternal             : exinfo->userseek           = 00007FFF37FC42D0
[LOG] SystemI::createSoundInternal             : exinfo->fileuserdata       = 00000140276B3288
[LOG] SystemI::createSoundInternal             : exinfo->initialseekpostype = 1
[LOG] SystemI::DSPCodecPoolRegister            : register codec pool for pool type 5
[LOG] SystemI::createSoundInternal             : Sample 0/1: name='05_Footsteps_Stone', format=5, channels=2, frequency=48000, lengthbytes=4416, lengthpcm=14489, pcmblocksize=0, loopstart=0, loopend=0, mode=0x00000000, channelmask=0x00000000, channelorder=0, peakvolume=0.164734.
[LOG] SystemI::createSoundInternal             : Create name='', mode=0x02000202
[LOG] SystemI::createSoundInternal             : exinfo->cbsize             = 224
[LOG] SystemI::createSoundInternal             : exinfo->length             = 182688
[LOG] SystemI::createSoundInternal             : exinfo->fileoffset         = 41152
[LOG] SystemI::createSoundInternal             : exinfo->numsubsounds       = 1
[LOG] SystemI::createSoundInternal             : exinfo->inclusionlist      = 0000000F030FF0C8
[LOG] SystemI::createSoundInternal             : exinfo->inclusionlistnum   = 1
[LOG] SystemI::createSoundInternal             : exinfo->suggestedsoundtype = 5
[LOG] SystemI::createSoundInternal             : exinfo->useropen           = 00007FFF37FC4130
[LOG] SystemI::createSoundInternal             : exinfo->userclose          = 00007FFF37FC40F0
[LOG] SystemI::createSoundInternal             : exinfo->userread           = 00007FFF37FC4210
[LOG] SystemI::createSoundInternal             : exinfo->userseek           = 00007FFF37FC42D0
[LOG] SystemI::createSoundInternal             : exinfo->fileuserdata       = 00000140276B3288
[LOG] SystemI::createSoundInternal             : exinfo->initialseekpostype = 1
[LOG] SystemI::DSPCodecPoolRegister            : register codec pool for pool type 5
[LOG] SystemI::createSoundInternal             : Sample 0/1: name='01_Footsteps_Stone', format=5, channels=2, frequency=48000, lengthbytes=4448, lengthpcm=14489, pcmblocksize=0, loopstart=0, loopend=0, mode=0x00000000, channelmask=0x00000000, channelorder=0, peakvolume=0.254395.
[LOG] SystemI::createSoundInternal             : Create name='', mode=0x02000202
[LOG] SystemI::createSoundInternal             : exinfo->cbsize             = 224
[LOG] SystemI::createSoundInternal             : exinfo->length             = 182688
[LOG] SystemI::createSoundInternal             : exinfo->fileoffset         = 41152
[LOG] SystemI::createSoundInternal             : exinfo->numsubsounds       = 1
[LOG] SystemI::createSoundInternal             : exinfo->inclusionlist      = 0000000F030FF0C8
[LOG] SystemI::createSoundInternal             : exinfo->inclusionlistnum   = 1
[LOG] SystemI::createSoundInternal             : exinfo->suggestedsoundtype = 5
[LOG] SystemI::createSoundInternal             : exinfo->useropen           = 00007FFF37FC4130
[LOG] SystemI::createSoundInternal             : exinfo->userclose          = 00007FFF37FC40F0
[LOG] SystemI::createSoundInternal             : exinfo->userread           = 00007FFF37FC4210
[LOG] SystemI::createSoundInternal             : exinfo->userseek           = 00007FFF37FC42D0
[LOG] SystemI::createSoundInternal             : exinfo->fileuserdata       = 00000140276B3288
[LOG] SystemI::createSoundInternal             : exinfo->initialseekpostype = 1
[LOG] SystemI::DSPCodecPoolRegister            : register codec pool for pool type 5
[LOG] SystemI::createSoundInternal             : Sample 0/1: name='01_Footsteps_Concrete', format=5, channels=2, frequency=48000, lengthbytes=2208, lengthpcm=10031, pcmblocksize=0, loopstart=0, loopend=0, mode=0x00000000, channelmask=0x00000000, channelorder=0, peakvolume=0.499634.
[LOG] SystemI::createSoundInternal             : Create name='', mode=0x02000202
[LOG] SystemI::createSoundInternal             : exinfo->cbsize             = 224
[LOG] SystemI::createSoundInternal             : exinfo->length             = 182688
[LOG] SystemI::createSoundInternal             : exinfo->fileoffset         = 41152
[LOG] SystemI::createSoundInternal             : exinfo->numsubsounds       = 1
[LOG] SystemI::createSoundInternal             : exinfo->inclusionlist      = 0000000F030FF0C8
[LOG] SystemI::createSoundInternal             : exinfo->inclusionlistnum   = 1
[LOG] SystemI::createSoundInternal             : exinfo->suggestedsoundtype = 5
[LOG] SystemI::createSoundInternal             : exinfo->useropen           = 00007FFF37FC4130
[LOG] SystemI::createSoundInternal             : exinfo->userclose          = 00007FFF37FC40F0
[LOG] SystemI::createSoundInternal             : exinfo->userread           = 00007FFF37FC4210
[LOG] SystemI::createSoundInternal             : exinfo->userseek           = 00007FFF37FC42D0
[LOG] SystemI::createSoundInternal             : exinfo->fileuserdata       = 00000140276B3288
[LOG] SystemI::createSoundInternal             : exinfo->initialseekpostype = 1
[LOG] SystemI::DSPCodecPoolRegister            : register codec pool for pool type 5
[LOG] SystemI::createSoundInternal             : Sample 0/1: name='09_Footsteps_Stone', format=5, channels=2, frequency=48000, lengthbytes=4672, lengthpcm=14489, pcmblocksize=0, loopstart=0, loopend=0, mode=0x00000000, channelmask=0x00000000, channelorder=0, peakvolume=0.179565.
[LOG] SystemI::createSoundInternal             : Create name='', mode=0x02000202
[LOG] SystemI::createSoundInternal             : exinfo->cbsize             = 224
[LOG] SystemI::createSoundInternal             : exinfo->length             = 182688
[LOG] SystemI::createSoundInternal             : exinfo->fileoffset         = 41152
[LOG] SystemI::createSoundInternal             : exinfo->numsubsounds       = 1
[LOG] SystemI::createSoundInternal             : exinfo->inclusionlist      = 0000000F030FF0C8
[LOG] SystemI::createSoundInternal             : exinfo->inclusionlistnum   = 1
[LOG] SystemI::createSoundInternal             : exinfo->suggestedsoundtype = 5
[LOG] SystemI::createSoundInternal             : exinfo->useropen           = 00007FFF37FC4130
[LOG] SystemI::createSoundInternal             : exinfo->userclose          = 00007FFF37FC40F0
[LOG] SystemI::createSoundInternal             : exinfo->userread           = 00007FFF37FC4210
[LOG] SystemI::createSoundInternal             : exinfo->userseek           = 00007FFF37FC42D0
[LOG] SystemI::createSoundInternal             : exinfo->fileuserdata       = 00000140276B3288
[LOG] SystemI::createSoundInternal             : exinfo->initialseekpostype = 1
[LOG] SystemI::DSPCodecPoolRegister            : register codec pool for pool type 5
[LOG] SystemI::createSoundInternal             : Sample 0/1: name='02_Footsteps_Stone', format=5, channels=2, frequency=48000, lengthbytes=4096, lengthpcm=14489, pcmblocksize=0, loopstart=0, loopend=0, mode=0x00000000, channelmask=0x00000000, channelorder=0, peakvolume=0.088898.
[LOG] SystemI::createSoundInternal             : Create name='', mode=0x02000202
[LOG] SystemI::createSoundInternal             : exinfo->cbsize             = 224
[LOG] SystemI::createSoundInternal             : exinfo->length             = 182688
[LOG] SystemI::createSoundInternal             : exinfo->fileoffset         = 41152
[LOG] SystemI::createSoundInternal             : exinfo->numsubsounds       = 1
[LOG] SystemI::createSoundInternal             : exinfo->inclusionlist      = 0000000F030FF0C8
[LOG] SystemI::createSoundInternal             : exinfo->inclusionlistnum   = 1
[LOG] SystemI::createSoundInternal             : exinfo->suggestedsoundtype = 5
[LOG] SystemI::createSoundInternal             : exinfo->useropen           = 00007FFF37FC4130
[LOG] SystemI::createSoundInternal             : exinfo->userclose          = 00007FFF37FC40F0
[LOG] SystemI::createSoundInternal             : exinfo->userread           = 00007FFF37FC4210
[LOG] SystemI::createSoundInternal             : exinfo->userseek           = 00007FFF37FC42D0
[LOG] SystemI::createSoundInternal             : exinfo->fileuserdata       = 00000140276B3288
[LOG] SystemI::createSoundInternal             : exinfo->initialseekpostype = 1
[LOG] SystemI::DSPCodecPoolRegister            : register codec pool for pool type 5
[LOG] SystemI::createSoundInternal             : Sample 0/1: name='05_Footsteps_Concrete', format=5, channels=2, frequency=48000, lengthbytes=3072, lengthpcm=14489, pcmblocksize=0, loopstart=0, loopend=0, mode=0x00000000, channelmask=0x00000000, channelorder=0, peakvolume=0.314026.
[LOG] SystemI::createSoundInternal             : Create name='', mode=0x02000202
[LOG] SystemI::createSoundInternal             : exinfo->cbsize             = 224
[LOG] SystemI::createSoundInternal             : exinfo->length             = 182688
[LOG] SystemI::createSoundInternal             : exinfo->fileoffset         = 41152
[LOG] SystemI::createSoundInternal             : exinfo->numsubsounds       = 1
[LOG] SystemI::createSoundInternal             : exinfo->inclusionlist      = 0000000F030FF0C8
[LOG] SystemI::createSoundInternal             : exinfo->inclusionlistnum   = 1
[LOG] SystemI::createSoundInternal             : exinfo->suggestedsoundtype = 5
[LOG] SystemI::createSoundInternal             : exinfo->useropen           = 00007FFF37FC4130
[LOG] SystemI::createSoundInternal             : exinfo->userclose          = 00007FFF37FC40F0
[LOG] SystemI::createSoundInternal             : exinfo->userread           = 00007FFF37FC4210
[LOG] SystemI::createSoundInternal             : exinfo->userseek           = 00007FFF37FC42D0
[LOG] SystemI::createSoundInternal             : exinfo->fileuserdata       = 00000140276B3288
[LOG] SystemI::createSoundInternal             : exinfo->initialseekpostype = 1
[LOG] SystemI::DSPCodecPoolRegister            : register codec pool for pool type 5
[LOG] SystemI::createSoundInternal             : Sample 0/1: name='10_Footsteps_Stone', format=5, channels=2, frequency=48000, lengthbytes=4544, lengthpcm=14489, pcmblocksize=0, loopstart=0, loopend=0, mode=0x00000000, channelmask=0x00000000, channelorder=0, peakvolume=0.120331.
[LOG] SystemI::createSoundInternal             : Create name='', mode=0x02000202
[LOG] SystemI::createSoundInternal             : exinfo->cbsize             = 224
[LOG] SystemI::createSoundInternal             : exinfo->length             = 182688
[LOG] SystemI::createSoundInternal             : exinfo->fileoffset         = 41152
[LOG] SystemI::createSoundInternal             : exinfo->numsubsounds       = 1
[LOG] SystemI::createSoundInternal             : exinfo->inclusionlist      = 0000000F030FF0C8
[LOG] SystemI::createSoundInternal             : exinfo->inclusionlistnum   = 1
[LOG] SystemI::createSoundInternal             : exinfo->suggestedsoundtype = 5
[LOG] SystemI::createSoundInternal             : exinfo->useropen           = 00007FFF37FC4130
[LOG] SystemI::createSoundInternal             : exinfo->userclose          = 00007FFF37FC40F0
[LOG] SystemI::createSoundInternal             : exinfo->userread           = 00007FFF37FC4210
[LOG] SystemI::createSoundInternal             : exinfo->userseek           = 00007FFF37FC42D0
[LOG] SystemI::createSoundInternal             : exinfo->fileuserdata       = 00000140276B3288
[LOG] SystemI::createSoundInternal             : exinfo->initialseekpostype = 1
[LOG] SystemI::DSPCodecPoolRegister            : register codec pool for pool type 5
[LOG] SystemI::createSoundInternal             : Sample 0/1: name='08_Footsteps_Concrete', format=5, channels=2, frequency=48000, lengthbytes=3040, lengthpcm=14489, pcmblocksize=0, loopstart=0, loopend=0, mode=0x00000000, channelmask=0x00000000, channelorder=0, peakvolume=0.152679.
[LOG] SystemI::createSoundInternal             : Create name='', mode=0x02000202
[LOG] SystemI::createSoundInternal             : exinfo->cbsize             = 224
[LOG] SystemI::createSoundInternal             : exinfo->length             = 182688
[LOG] SystemI::createSoundInternal             : exinfo->fileoffset         = 41152
[LOG] SystemI::createSoundInternal             : exinfo->numsubsounds       = 1
[LOG] SystemI::createSoundInternal             : exinfo->inclusionlist      = 0000000F030FF0C8
[LOG] SystemI::createSoundInternal             : exinfo->inclusionlistnum   = 1
[LOG] SystemI::createSoundInternal             : exinfo->suggestedsoundtype = 5
[LOG] SystemI::createSoundInternal             : exinfo->useropen           = 00007FFF37FC4130
[LOG] SystemI::createSoundInternal             : exinfo->userclose          = 00007FFF37FC40F0
[LOG] SystemI::createSoundInternal             : exinfo->userread           = 00007FFF37FC4210
[LOG] SystemI::createSoundInternal             : exinfo->userseek           = 00007FFF37FC42D0
[LOG] SystemI::createSoundInternal             : exinfo->fileuserdata       = 00000140276B3288
[LOG] SystemI::createSoundInternal             : exinfo->initialseekpostype = 1
[LOG] SystemI::DSPCodecPoolRegister            : register codec pool for pool type 5
[LOG] SystemI::createSoundInternal             : Sample 0/1: name='07_Footsteps_Stone', format=5, channels=2, frequency=48000, lengthbytes=3712, lengthpcm=14489, pcmblocksize=0, loopstart=0, loopend=0, mode=0x00000000, channelmask=0x00000000, channelorder=0, peakvolume=0.153595.
[LOG] SystemI::createSoundInternal             : Create name='', mode=0x02000202
[LOG] SystemI::createSoundInternal             : exinfo->cbsize             = 224
[LOG] SystemI::createSoundInternal             : exinfo->length             = 182688
[LOG] SystemI::createSoundInternal             : exinfo->fileoffset         = 41152
[LOG] SystemI::createSoundInternal             : exinfo->numsubsounds       = 1
[LOG] SystemI::createSoundInternal             : exinfo->inclusionlist      = 0000000F030FF0C8
[LOG] SystemI::createSoundInternal             : exinfo->inclusionlistnum   = 1
[LOG] SystemI::createSoundInternal             : exinfo->suggestedsoundtype = 5
[LOG] SystemI::createSoundInternal             : exinfo->useropen           = 00007FFF37FC4130
[LOG] SystemI::createSoundInternal             : exinfo->userclose          = 00007FFF37FC40F0
[LOG] SystemI::createSoundInternal             : exinfo->userread           = 00007FFF37FC4210
[LOG] SystemI::createSoundInternal             : exinfo->userseek           = 00007FFF37FC42D0
[LOG] SystemI::createSoundInternal             : exinfo->fileuserdata       = 00000140276B3288
[LOG] SystemI::createSoundInternal             : exinfo->initialseekpostype = 1
[LOG] SystemI::DSPCodecPoolRegister            : register codec pool for pool type 5
[LOG] SystemI::createSoundInternal             : Sample 0/1: name='03_Footsteps_Concrete', format=5, channels=2, frequency=48000, lengthbytes=3232, lengthpcm=14489, pcmblocksize=0, loopstart=0, loopend=0, mode=0x00000000, channelmask=0x00000000, channelorder=0, peakvolume=0.390564.
[LOG] SystemI::createSoundInternal             : Create name='', mode=0x02000202
[LOG] SystemI::createSoundInternal             : exinfo->cbsize             = 224
[LOG] SystemI::createSoundInternal             : exinfo->length             = 182688
[LOG] SystemI::createSoundInternal             : exinfo->fileoffset         = 41152
[LOG] SystemI::createSoundInternal             : exinfo->numsubsounds       = 1
[LOG] SystemI::createSoundInternal             : exinfo->inclusionlist      = 0000000F030FF0C8
[LOG] SystemI::createSoundInternal             : exinfo->inclusionlistnum   = 1
[LOG] SystemI::createSoundInternal             : exinfo->suggestedsoundtype = 5
[LOG] SystemI::createSoundInternal             : exinfo->useropen           = 00007FFF37FC4130
[LOG] SystemI::createSoundInternal             : exinfo->userclose          = 00007FFF37FC40F0
[LOG] SystemI::createSoundInternal             : exinfo->userread           = 00007FFF37FC4210
[LOG] SystemI::createSoundInternal             : exinfo->userseek           = 00007FFF37FC42D0
[LOG] SystemI::createSoundInternal             : exinfo->fileuserdata       = 00000140276B3288
[LOG] SystemI::createSoundInternal             : exinfo->initialseekpostype = 1
[LOG] SystemI::DSPCodecPoolRegister            : register codec pool for pool type 5
[LOG] SystemI::createSoundInternal             : Sample 0/1: name='06_Footsteps_Stone', format=5, channels=2, frequency=48000, lengthbytes=4064, lengthpcm=14489, pcmblocksize=0, loopstart=0, loopend=0, mode=0x00000000, channelmask=0x00000000, channelorder=0, peakvolume=0.276276.
[LOG] SystemI::createSoundInternal             : Create name='', mode=0x02000202
[LOG] SystemI::createSoundInternal             : exinfo->cbsize             = 224
[LOG] SystemI::createSoundInternal             : exinfo->length             = 182688
[LOG] SystemI::createSoundInternal             : exinfo->fileoffset         = 41152
[LOG] SystemI::createSoundInternal             : exinfo->numsubsounds       = 1
[LOG] SystemI::createSoundInternal             : exinfo->inclusionlist      = 0000000F030FF0C8
[LOG] SystemI::createSoundInternal             : exinfo->inclusionlistnum   = 1
[LOG] SystemI::createSoundInternal             : exinfo->suggestedsoundtype = 5
[LOG] SystemI::createSoundInternal             : exinfo->useropen           = 00007FFF37FC4130
[LOG] SystemI::createSoundInternal             : exinfo->userclose          = 00007FFF37FC40F0
[LOG] SystemI::createSoundInternal             : exinfo->userread           = 00007FFF37FC4210
[LOG] SystemI::createSoundInternal             : exinfo->userseek           = 00007FFF37FC42D0
[LOG] SystemI::createSoundInternal             : exinfo->fileuserdata       = 00000140276B3288
[LOG] SystemI::createSoundInternal             : exinfo->initialseekpostype = 1
[LOG] SystemI::DSPCodecPoolRegister            : register codec pool for pool type 5
[LOG] SystemI::createSoundInternal             : Sample 0/1: name='08_Footsteps_Stone', format=5, channels=2, frequency=48000, lengthbytes=3808, lengthpcm=14489, pcmblocksize=0, loopstart=0, loopend=0, mode=0x00000000, channelmask=0x00000000, channelorder=0, peakvolume=0.122192.
[LOG] SystemI::createSound                     : filename = ../FMOD Project/Build/Desktop/Music.bank : mode 02010082
[LOG] SystemI::createSound                     : FMOD_NONBLOCKING specified.  Putting into queue to be opened asynchronously!
[LOG] AsyncThread::add                         : add sound to async queue : soundi = 0000013F494AF278, queue head = 0000013F46B74718, queue count = 0
[LOG] AsyncThread::threadFunc                  : Starting Asynchronous operation on sound 0000013F494AF278
[LOG] SystemI::createSoundInternal             :     Create name='../FMOD Project/Build/Desktop/Music.bank', mode=0x02010082
[LOG] SystemI::createSoundInternal             :     exinfo->cbsize             = 224
[LOG] SystemI::createSoundInternal             :     exinfo->length             = 3027104
[LOG] SystemI::createSoundInternal             :     exinfo->fileoffset         = 4832
[LOG] SystemI::createSoundInternal             :     exinfo->numsubsounds       = 1
[LOG] SystemI::createSoundInternal             :     exinfo->inclusionlist      = 0000013EFF96A360
[LOG] SystemI::createSoundInternal             :     exinfo->inclusionlistnum   = 1
[LOG] SystemI::createSoundInternal             :     exinfo->suggestedsoundtype = 5
[LOG] SystemI::createSoundInternal             :     exinfo->initialseekposition = 84880
[LOG] SystemI::createSoundInternal             :     exinfo->initialseekpostype = 1
[LOG] SystemI::createSoundInternal             :     Stream 0/1: name='EXPLORACIÓN - FAVELA ALEGRE_RVS', format=5, channels=2, frequency=48000, lengthbytes=1464096, lengthpcm=5492540, pcmblocksize=0, loopstart=0, loopend=0, mode=0x00000000, channelmask=0x00000000, channelorder=0, peakvolume=0.330872.
[LOG] AsyncThread::threadFunc                  : Finished Asynchronous operation on sound 0000013F494AF278
[LOG] SoundI::release                          : EXPLORACIÓN - FAVELA ALEGRE_RVS (0000013F494AEF18)
[LOG] SoundI::release                          :     EXPLORACIÓN - FAVELA ALEGRE_RVS (0000014028257068)
[LOG] SoundI::release                          :     EXPLORACIÓN - FAVELA ALEGRE_RVS (0000013D0210DE88)
[LOG] SystemI::createSound                     : filename = ../FMOD Project/Build/Desktop/Music.bank : mode 02010082
[LOG] SystemI::createSound                     : FMOD_NONBLOCKING specified.  Putting into queue to be opened asynchronously!
[LOG] AsyncThread::add                         : add sound to async queue : soundi = 0000013F494AED68, queue head = 0000013F46B74718, queue count = 0
[LOG] AsyncThread::threadFunc                  : Starting Asynchronous operation on sound 0000013F494AED68
[LOG] SystemI::createSoundInternal             :     Create name='../FMOD Project/Build/Desktop/Music.bank', mode=0x02010082
[LOG] SystemI::createSoundInternal             :     exinfo->cbsize             = 224
[LOG] SystemI::createSoundInternal             :     exinfo->length             = 3027104
[LOG] SystemI::createSoundInternal             :     exinfo->fileoffset         = 4832
[LOG] SystemI::createSoundInternal             :     exinfo->numsubsounds       = 1
[LOG] SystemI::createSoundInternal             :     exinfo->inclusionlist      = 0000013EFF96A4A0
[LOG] SystemI::createSoundInternal             :     exinfo->inclusionlistnum   = 1
[LOG] SystemI::createSoundInternal             :     exinfo->suggestedsoundtype = 5
[LOG] SystemI::createSoundInternal             :     exinfo->initialseekposition = 1730
[LOG] SystemI::createSoundInternal             :     exinfo->initialseekpostype = 1
[LOG] SystemI::createSoundInternal             :     Stream 0/1: name='EXPLORACIÓN - FAVELA ALEGRE_RVS', format=5, channels=2, frequency=48000, lengthbytes=1464096, lengthpcm=5492540, pcmblocksize=0, loopstart=0, loopend=0, mode=0x00000000, channelmask=0x00000000, channelorder=0, peakvolume=0.330872.
[LOG] AsyncThread::threadFunc                  : Finished Asynchronous operation on sound 0000013F494AED68
[LOG] SoundI::release                          : EXPLORACIÓN - FAVELA ALEGRE_RVS (0000013F494AF278)
[LOG] SoundI::release                          :     EXPLORACIÓN - FAVELA ALEGRE_RVS (0000014027933958)
[LOG] SoundI::release                          :     EXPLORACIÓN - FAVELA ALEGRE_RVS (000001402768EAC8)
[LOG] SoundI::release                          : EXPLORACIÓN - FAVELA ALEGRE_RVS (0000013F494AED68)
[LOG] SoundI::release                          :     EXPLORACIÓN - FAVELA ALEGRE_RVS (00000140279347F8)
[LOG] SoundI::release                          :     EXPLORACIÓN - FAVELA ALEGRE_RVS (000001402768DD48)
[LOG] SoundI::release                          :  (0000013FD2C1F638)
[LOG] SoundI::release                          :     01_Footsteps_Stone (0000013FF89C2B78)
[LOG] SoundI::release                          :  (0000013FD2C22438)
[LOG] SoundI::release                          :     02_Footsteps_Stone (0000013FD3107338)
[LOG] SoundI::release                          :  (0000013FD2C1E218)
[LOG] SoundI::release                          :     03_Footsteps_Stone (00000140276D0C48)
[LOG] SoundI::release                          :  (0000013FD2C1F358)
[LOG] SoundI::release                          :     04_Footsteps_Stone (00000140276D0288)
[LOG] SoundI::release                          :  (0000013FD2C218B8)
[LOG] SoundI::release                          :     05_Footsteps_Stone (00000140276CF728)
[LOG] SoundI::release                          :  (0000013FD2C212F8)
[LOG] SoundI::release                          :     06_Footsteps_Stone (0000014027935018)
[LOG] SoundI::release                          :  (0000013FD2C225A8)
[LOG] SoundI::release                          :     07_Footsteps_Stone (0000013FF8963248)
[LOG] SoundI::release                          :  (0000013FD2C21468)
[LOG] SoundI::release                          :     08_Footsteps_Stone (00000140279344B8)
[LOG] SoundI::release                          :  (0000013FD2C20048)
[LOG] SoundI::release                          :     09_Footsteps_Stone (00000140276B0FE8)
[LOG] SoundI::release                          :  (0000013FD2C20328)
[LOG] SoundI::release                          :     10_Footsteps_Stone (0000013FD3589F98)
[LOG] SoundI::release                          :  (0000013FD2C1D978)
[LOG] SoundI::release                          :     01_Footsteps_Concrete (0000013FF8966F78)
[LOG] SoundI::release                          :  (0000013FD2C201B8)
[LOG] SoundI::release                          :     02_Footsteps_Concrete (00000140276CF8C8)
[LOG] SoundI::release                          :  (0000013FD2C1CB18)
[LOG] SoundI::release                          :     03_Footsteps_Concrete (0000014028256D28)
[LOG] SoundI::release                          :  (0000013FD2C21E78)
[LOG] SoundI::release                          :     04_Footsteps_Concrete (00000140276CF248)
[LOG] SoundI::release                          :  (0000013FD2C1CC88)
[LOG] SoundI::release                          :     05_Footsteps_Concrete (00000140276B1E58)
[LOG] SoundI::release                          :  (0000013FD2C1FED8)
[LOG] SoundI::release                          :     06_Footsteps_Concrete (00000140276D0AA8)
[LOG] SoundI::release                          :  (0000013FD2C20D38)
[LOG] SoundI::release                          :     07_Footsteps_Concrete (00000140276CFC08)
[LOG] SoundI::release                          :  (0000013FD2C20EA8)
[LOG] SoundI::release                          :     08_Footsteps_Concrete (0000013F0A331CF8)
[LOG] SoundI::release                          :  (0000013FD2C1F4C8)
[LOG] SoundI::release                          :     09_Footsteps_Concrete (00000140276D00E8)
[LOG] SoundI::release                          :  (0000013FD2C1E388)
[LOG] SoundI::release                          :     10_Footsteps_Concrete (00000140276D05C8)
[LOG] SoundI::release                          :  (0000013FD2BE0218)
[LOG] SoundI::release                          :     01_Car_Engine (0000013EF97AFFC8)
[LOG] Thread::callback                         : FMOD Studio update thread finished.
[LOG] Thread::callback                         : FMOD Studio bank load thread finished.
[LOG] Profile::disconnectAll                   : Profiler disconnecting all clients
[LOG] Thread::callback                         : FMOD Studio sample load thread finished.
[LOG] LiveUpdate::release                      : 
[LOG] LiveUpdate::reset                        : Reset connection (reason Disconnected)
[LOG] Thread::callback                         : FMOD stream thread finished.
[LOG] Thread::callback                         : FMOD mixer thread finished.
[LOG] Profile::disconnectAll                   : Profiler disconnecting all clients
[LOG] SystemI::close                           : Closed.
[LOG] Thread::callback                         : FMOD Studio bank load thread finished.
[LOG] Thread::callback                         : FMOD Studio sample load thread finished.
[LOG] LiveUpdate::release                      : 
[LOG] LiveUpdate::reset                        : Reset connection (reason Disconnected)
[LOG] Thread::callback                         : FMOD stream thread finished.
[LOG] Thread::callback                         : FMOD mixer thread finished.
[LOG] SystemI::close                           : Closed.
[LOG] Thread::callback                         : FMOD nonblocking thread (0) finished.
[LOG] Thread::callback                         : FMOD file thread finished.
